<?xml version="1.0" encoding="UTF-8"?>
<testng-results ignored="0" total="1" passed="1" failed="0" skipped="0">
  <reporter-output>
  </reporter-output>
  <suite started-at="2023-10-30T08:48:03Z" name="Default suite" finished-at="2023-10-30T08:49:15Z" duration-ms="71834">
    <groups>
    </groups>
    <test started-at="2023-10-30T08:48:03Z" name="Default test" finished-at="2023-10-30T08:49:15Z" duration-ms="71834">
      <class name="com.runner.TestRunner">
        <test-method is-config="true" signature="setup()[pri:0, instance:com.runner.TestRunner@d771cc9]" started-at="2023-10-30T08:48:03Z" name="setup" finished-at="2023-10-30T08:49:05Z" duration-ms="62697" status="PASS">
          <reporter-output>
          </reporter-output>
        </test-method> <!-- setup -->
        <test-method signature="testHomege()[pri:0, instance:com.runner.TestRunner@d771cc9]" started-at="2023-10-30T08:49:05Z" name="testHomege" finished-at="2023-10-30T08:49:06Z" duration-ms="25" status="PASS">
          <reporter-output>
          </reporter-output>
        </test-method> <!-- testHomege -->
        <test-method is-config="true" signature="teardown()[pri:0, instance:com.runner.TestRunner@d771cc9]" started-at="2023-10-30T08:49:06Z" name="teardown" finished-at="2023-10-30T08:49:15Z" duration-ms="9086" status="PASS">
          <reporter-output>
          </reporter-output>
        </test-method> <!-- teardown -->
      </class> <!-- com.runner.TestRunner -->
    </test> <!-- Default test -->
  </suite> <!-- Default suite -->
</testng-results>
